<?xml version="1.0" encoding="UTF-8"?>
<testsuite xmlns:xsi="http://www.w3.org/2001/XMLSchema-instance" xsi:noNamespaceSchemaLocation="https://maven.apache.org/surefire/maven-surefire-plugin/xsd/surefire-test-report-3.0.xsd" version="3.0" name="java_web.configclient2.ConfigClient2ApplicationTests" time="8.675" tests="1" errors="0" skipped="0" failures="0">
  <properties>
    <property name="java.specification.version" value="17"/>
    <property name="sun.cpu.isalist" value="amd64"/>
    <property name="sun.jnu.encoding" value="GBK"/>
    <property name="java.class.path" value="E:\24-25学年度下半学年\微服务\ConfigServer_Demo\ConfigClient2\target\test-classes;E:\24-25学年度下半学年\微服务\ConfigServer_Demo\ConfigClient2\target\classes;D:\tomcatandmaven\apache-maven-3.9.9-bin\maven-repository\org\springframework\cloud\spring-cloud-config-client\4.2.0\spring-cloud-config-client-4.2.0.jar;D:\tomcatandmaven\apache-maven-3.9.9-bin\maven-repository\org\springframework\boot\spring-boot-autoconfigure\3.2.3\spring-boot-autoconfigure-3.2.3.jar;D:\tomcatandmaven\apache-maven-3.9.9-bin\maven-repository\org\springframework\cloud\spring-cloud-starter\4.2.0\spring-cloud-starter-4.2.0.jar;D:\tomcatandmaven\apache-maven-3.9.9-bin\maven-repository\org\bouncycastle\bcprov-jdk18on\1.78.1\bcprov-jdk18on-1.78.1.jar;D:\tomcatandmaven\apache-maven-3.9.9-bin\maven-repository\org\springframework\spring-web\6.1.4\spring-web-6.1.4.jar;D:\tomcatandmaven\apache-maven-3.9.9-bin\maven-repository\org\springframework\spring-beans\6.1.4\spring-beans-6.1.4.jar;D:\tomcatandmaven\apache-maven-3.9.9-bin\maven-repository\io\micrometer\micrometer-observation\1.12.3\micrometer-observation-1.12.3.jar;D:\tomcatandmaven\apache-maven-3.9.9-bin\maven-repository\io\micrometer\micrometer-commons\1.12.3\micrometer-commons-1.12.3.jar;D:\tomcatandmaven\apache-maven-3.9.9-bin\maven-repository\com\fasterxml\jackson\core\jackson-annotations\2.15.4\jackson-annotations-2.15.4.jar;D:\tomcatandmaven\apache-maven-3.9.9-bin\maven-repository\com\fasterxml\jackson\core\jackson-databind\2.15.4\jackson-databind-2.15.4.jar;D:\tomcatandmaven\apache-maven-3.9.9-bin\maven-repository\com\fasterxml\jackson\core\jackson-core\2.15.4\jackson-core-2.15.4.jar;D:\tomcatandmaven\apache-maven-3.9.9-bin\maven-repository\org\apache\httpcomponents\client5\httpclient5\5.2.3\httpclient5-5.2.3.jar;D:\tomcatandmaven\apache-maven-3.9.9-bin\maven-repository\org\apache\httpcomponents\core5\httpcore5\5.2.4\httpcore5-5.2.4.jar;D:\tomcatandmaven\apache-maven-3.9.9-bin\maven-repository\org\apache\httpcomponents\core5\httpcore5-h2\5.2.4\httpcore5-h2-5.2.4.jar;D:\tomcatandmaven\apache-maven-3.9.9-bin\maven-repository\org\slf4j\slf4j-api\2.0.12\slf4j-api-2.0.12.jar;D:\tomcatandmaven\apache-maven-3.9.9-bin\maven-repository\org\springframework\boot\spring-boot-starter\3.2.3\spring-boot-starter-3.2.3.jar;D:\tomcatandmaven\apache-maven-3.9.9-bin\maven-repository\org\springframework\boot\spring-boot\3.2.3\spring-boot-3.2.3.jar;D:\tomcatandmaven\apache-maven-3.9.9-bin\maven-repository\org\springframework\spring-context\6.1.4\spring-context-6.1.4.jar;D:\tomcatandmaven\apache-maven-3.9.9-bin\maven-repository\org\springframework\boot\spring-boot-starter-logging\3.2.3\spring-boot-starter-logging-3.2.3.jar;D:\tomcatandmaven\apache-maven-3.9.9-bin\maven-repository\ch\qos\logback\logback-classic\1.4.14\logback-classic-1.4.14.jar;D:\tomcatandmaven\apache-maven-3.9.9-bin\maven-repository\ch\qos\logback\logback-core\1.4.14\logback-core-1.4.14.jar;D:\tomcatandmaven\apache-maven-3.9.9-bin\maven-repository\org\apache\logging\log4j\log4j-to-slf4j\2.21.1\log4j-to-slf4j-2.21.1.jar;D:\tomcatandmaven\apache-maven-3.9.9-bin\maven-repository\org\apache\logging\log4j\log4j-api\2.21.1\log4j-api-2.21.1.jar;D:\tomcatandmaven\apache-maven-3.9.9-bin\maven-repository\org\slf4j\jul-to-slf4j\2.0.12\jul-to-slf4j-2.0.12.jar;D:\tomcatandmaven\apache-maven-3.9.9-bin\maven-repository\jakarta\annotation\jakarta.annotation-api\2.1.1\jakarta.annotation-api-2.1.1.jar;D:\tomcatandmaven\apache-maven-3.9.9-bin\maven-repository\org\springframework\spring-core\6.1.4\spring-core-6.1.4.jar;D:\tomcatandmaven\apache-maven-3.9.9-bin\maven-repository\org\springframework\spring-jcl\6.1.4\spring-jcl-6.1.4.jar;D:\tomcatandmaven\apache-maven-3.9.9-bin\maven-repository\org\yaml\snakeyaml\2.2\snakeyaml-2.2.jar;D:\tomcatandmaven\apache-maven-3.9.9-bin\maven-repository\org\springframework\boot\spring-boot-starter-test\3.2.3\spring-boot-starter-test-3.2.3.jar;D:\tomcatandmaven\apache-maven-3.9.9-bin\maven-repository\org\springframework\boot\spring-boot-test\3.2.3\spring-boot-test-3.2.3.jar;D:\tomcatandmaven\apache-maven-3.9.9-bin\maven-repository\org\springframework\boot\spring-boot-test-autoconfigure\3.2.3\spring-boot-test-autoconfigure-3.2.3.jar;D:\tomcatandmaven\apache-maven-3.9.9-bin\maven-repository\com\jayway\jsonpath\json-path\2.9.0\json-path-2.9.0.jar;D:\tomcatandmaven\apache-maven-3.9.9-bin\maven-repository\jakarta\xml\bind\jakarta.xml.bind-api\4.0.1\jakarta.xml.bind-api-4.0.1.jar;D:\tomcatandmaven\apache-maven-3.9.9-bin\maven-repository\jakarta\activation\jakarta.activation-api\2.1.2\jakarta.activation-api-2.1.2.jar;D:\tomcatandmaven\apache-maven-3.9.9-bin\maven-repository\net\minidev\json-smart\2.5.0\json-smart-2.5.0.jar;D:\tomcatandmaven\apache-maven-3.9.9-bin\maven-repository\net\minidev\accessors-smart\2.5.0\accessors-smart-2.5.0.jar;D:\tomcatandmaven\apache-maven-3.9.9-bin\maven-repository\org\ow2\asm\asm\9.3\asm-9.3.jar;D:\tomcatandmaven\apache-maven-3.9.9-bin\maven-repository\org\assertj\assertj-core\3.24.2\assertj-core-3.24.2.jar;D:\tomcatandmaven\apache-maven-3.9.9-bin\maven-repository\net\bytebuddy\byte-buddy\1.14.12\byte-buddy-1.14.12.jar;D:\tomcatandmaven\apache-maven-3.9.9-bin\maven-repository\org\awaitility\awaitility\4.2.0\awaitility-4.2.0.jar;D:\tomcatandmaven\apache-maven-3.9.9-bin\maven-repository\org\hamcrest\hamcrest\2.2\hamcrest-2.2.jar;D:\tomcatandmaven\apache-maven-3.9.9-bin\maven-repository\org\junit\jupiter\junit-jupiter\5.10.2\junit-jupiter-5.10.2.jar;D:\tomcatandmaven\apache-maven-3.9.9-bin\maven-repository\org\junit\jupiter\junit-jupiter-api\5.10.2\junit-jupiter-api-5.10.2.jar;D:\tomcatandmaven\apache-maven-3.9.9-bin\maven-repository\org\opentest4j\opentest4j\1.3.0\opentest4j-1.3.0.jar;D:\tomcatandmaven\apache-maven-3.9.9-bin\maven-repository\org\junit\platform\junit-platform-commons\1.10.2\junit-platform-commons-1.10.2.jar;D:\tomcatandmaven\apache-maven-3.9.9-bin\maven-repository\org\apiguardian\apiguardian-api\1.1.2\apiguardian-api-1.1.2.jar;D:\tomcatandmaven\apache-maven-3.9.9-bin\maven-repository\org\junit\jupiter\junit-jupiter-params\5.10.2\junit-jupiter-params-5.10.2.jar;D:\tomcatandmaven\apache-maven-3.9.9-bin\maven-repository\org\junit\jupiter\junit-jupiter-engine\5.10.2\junit-jupiter-engine-5.10.2.jar;D:\tomcatandmaven\apache-maven-3.9.9-bin\maven-repository\org\junit\platform\junit-platform-engine\1.10.2\junit-platform-engine-1.10.2.jar;D:\tomcatandmaven\apache-maven-3.9.9-bin\maven-repository\org\mockito\mockito-core\5.7.0\mockito-core-5.7.0.jar;D:\tomcatandmaven\apache-maven-3.9.9-bin\maven-repository\net\bytebuddy\byte-buddy-agent\1.14.12\byte-buddy-agent-1.14.12.jar;D:\tomcatandmaven\apache-maven-3.9.9-bin\maven-repository\org\objenesis\objenesis\3.3\objenesis-3.3.jar;D:\tomcatandmaven\apache-maven-3.9.9-bin\maven-repository\org\mockito\mockito-junit-jupiter\5.7.0\mockito-junit-jupiter-5.7.0.jar;D:\tomcatandmaven\apache-maven-3.9.9-bin\maven-repository\org\skyscreamer\jsonassert\1.5.1\jsonassert-1.5.1.jar;D:\tomcatandmaven\apache-maven-3.9.9-bin\maven-repository\com\vaadin\external\google\android-json\0.0.20131108.vaadin1\android-json-0.0.20131108.vaadin1.jar;D:\tomcatandmaven\apache-maven-3.9.9-bin\maven-repository\org\springframework\spring-test\6.1.4\spring-test-6.1.4.jar;D:\tomcatandmaven\apache-maven-3.9.9-bin\maven-repository\org\xmlunit\xmlunit-core\2.9.1\xmlunit-core-2.9.1.jar;D:\tomcatandmaven\apache-maven-3.9.9-bin\maven-repository\com\alibaba\cloud\spring-cloud-starter-alibaba-nacos-discovery\2023.0.3.2\spring-cloud-starter-alibaba-nacos-discovery-2023.0.3.2.jar;D:\tomcatandmaven\apache-maven-3.9.9-bin\maven-repository\com\alibaba\cloud\spring-cloud-alibaba-commons\2023.0.3.2\spring-cloud-alibaba-commons-2023.0.3.2.jar;D:\tomcatandmaven\apache-maven-3.9.9-bin\maven-repository\com\alibaba\nacos\nacos-client\2.4.2\nacos-client-2.4.2.jar;D:\tomcatandmaven\apache-maven-3.9.9-bin\maven-repository\com\alibaba\nacos\nacos-auth-plugin\2.4.2\nacos-auth-plugin-2.4.2.jar;D:\tomcatandmaven\apache-maven-3.9.9-bin\maven-repository\com\alibaba\nacos\nacos-encryption-plugin\2.4.2\nacos-encryption-plugin-2.4.2.jar;D:\tomcatandmaven\apache-maven-3.9.9-bin\maven-repository\com\alibaba\nacos\nacos-logback-adapter-12\2.4.2\nacos-logback-adapter-12-2.4.2.jar;D:\tomcatandmaven\apache-maven-3.9.9-bin\maven-repository\com\alibaba\nacos\logback-adapter\1.1.3\logback-adapter-1.1.3.jar;D:\tomcatandmaven\apache-maven-3.9.9-bin\maven-repository\com\alibaba\nacos\nacos-log4j2-adapter\2.4.2\nacos-log4j2-adapter-2.4.2.jar;D:\tomcatandmaven\apache-maven-3.9.9-bin\maven-repository\commons-codec\commons-codec\1.16.1\commons-codec-1.16.1.jar;D:\tomcatandmaven\apache-maven-3.9.9-bin\maven-repository\org\apache\httpcomponents\httpasyncclient\4.1.5\httpasyncclient-4.1.5.jar;D:\tomcatandmaven\apache-maven-3.9.9-bin\maven-repository\org\apache\httpcomponents\httpcore-nio\4.4.16\httpcore-nio-4.4.16.jar;D:\tomcatandmaven\apache-maven-3.9.9-bin\maven-repository\org\apache\httpcomponents\httpclient\4.5.13\httpclient-4.5.13.jar;D:\tomcatandmaven\apache-maven-3.9.9-bin\maven-repository\org\apache\httpcomponents\httpcore\4.4.16\httpcore-4.4.16.jar;D:\tomcatandmaven\apache-maven-3.9.9-bin\maven-repository\io\prometheus\simpleclient\0.16.0\simpleclient-0.16.0.jar;D:\tomcatandmaven\apache-maven-3.9.9-bin\maven-repository\io\prometheus\simpleclient_tracer_otel\0.16.0\simpleclient_tracer_otel-0.16.0.jar;D:\tomcatandmaven\apache-maven-3.9.9-bin\maven-repository\io\prometheus\simpleclient_tracer_common\0.16.0\simpleclient_tracer_common-0.16.0.jar;D:\tomcatandmaven\apache-maven-3.9.9-bin\maven-repository\io\prometheus\simpleclient_tracer_otel_agent\0.16.0\simpleclient_tracer_otel_agent-0.16.0.jar;D:\tomcatandmaven\apache-maven-3.9.9-bin\maven-repository\io\micrometer\micrometer-core\1.12.3\micrometer-core-1.12.3.jar;D:\tomcatandmaven\apache-maven-3.9.9-bin\maven-repository\org\hdrhistogram\HdrHistogram\2.1.12\HdrHistogram-2.1.12.jar;D:\tomcatandmaven\apache-maven-3.9.9-bin\maven-repository\org\latencyutils\LatencyUtils\2.0.3\LatencyUtils-2.0.3.jar;D:\tomcatandmaven\apache-maven-3.9.9-bin\maven-repository\org\springframework\cloud\spring-cloud-commons\4.1.4\spring-cloud-commons-4.1.4.jar;D:\tomcatandmaven\apache-maven-3.9.9-bin\maven-repository\org\springframework\security\spring-security-crypto\6.2.2\spring-security-crypto-6.2.2.jar;D:\tomcatandmaven\apache-maven-3.9.9-bin\maven-repository\org\springframework\cloud\spring-cloud-context\4.1.4\spring-cloud-context-4.1.4.jar;D:\tomcatandmaven\apache-maven-3.9.9-bin\maven-repository\org\springframework\boot\spring-boot-starter-web\3.2.3\spring-boot-starter-web-3.2.3.jar;D:\tomcatandmaven\apache-maven-3.9.9-bin\maven-repository\org\springframework\boot\spring-boot-starter-json\3.2.3\spring-boot-starter-json-3.2.3.jar;D:\tomcatandmaven\apache-maven-3.9.9-bin\maven-repository\com\fasterxml\jackson\datatype\jackson-datatype-jdk8\2.15.4\jackson-datatype-jdk8-2.15.4.jar;D:\tomcatandmaven\apache-maven-3.9.9-bin\maven-repository\com\fasterxml\jackson\datatype\jackson-datatype-jsr310\2.15.4\jackson-datatype-jsr310-2.15.4.jar;D:\tomcatandmaven\apache-maven-3.9.9-bin\maven-repository\com\fasterxml\jackson\module\jackson-module-parameter-names\2.15.4\jackson-module-parameter-names-2.15.4.jar;D:\tomcatandmaven\apache-maven-3.9.9-bin\maven-repository\org\springframework\boot\spring-boot-starter-tomcat\3.2.3\spring-boot-starter-tomcat-3.2.3.jar;D:\tomcatandmaven\apache-maven-3.9.9-bin\maven-repository\org\apache\tomcat\embed\tomcat-embed-core\10.1.19\tomcat-embed-core-10.1.19.jar;D:\tomcatandmaven\apache-maven-3.9.9-bin\maven-repository\org\apache\tomcat\embed\tomcat-embed-el\10.1.19\tomcat-embed-el-10.1.19.jar;D:\tomcatandmaven\apache-maven-3.9.9-bin\maven-repository\org\apache\tomcat\embed\tomcat-embed-websocket\10.1.19\tomcat-embed-websocket-10.1.19.jar;D:\tomcatandmaven\apache-maven-3.9.9-bin\maven-repository\org\springframework\spring-webmvc\6.1.4\spring-webmvc-6.1.4.jar;D:\tomcatandmaven\apache-maven-3.9.9-bin\maven-repository\org\springframework\spring-aop\6.1.4\spring-aop-6.1.4.jar;D:\tomcatandmaven\apache-maven-3.9.9-bin\maven-repository\org\springframework\spring-expression\6.1.4\spring-expression-6.1.4.jar;D:\tomcatandmaven\apache-maven-3.9.9-bin\maven-repository\org\springframework\cloud\spring-cloud-starter-bootstrap\4.2.0\spring-cloud-starter-bootstrap-4.2.0.jar;"/>
    <property name="java.vm.vendor" value="Oracle Corporation"/>
    <property name="sun.arch.data.model" value="64"/>
    <property name="user.variant" value=""/>
    <property name="java.vendor.url" value="https://java.oracle.com/"/>
    <property name="user.timezone" value="Asia/Shanghai"/>
    <property name="os.name" value="Windows 10"/>
    <property name="java.vm.specification.version" value="17"/>
    <property name="sun.java.launcher" value="SUN_STANDARD"/>
    <property name="user.country" value="CN"/>
    <property name="sun.boot.library.path" value="D:\Java\bin"/>
    <property name="sun.java.command" value="D:\Tempfile\AppData\Local\Temp\surefire11231150512034566213\surefirebooter-20250320121006540_3.jar D:\Tempfile\AppData\Local\Temp\surefire11231150512034566213 2025-03-20T12-10-06_287-jvmRun1 surefire-20250320121006540_1tmp surefire_0-20250320121006540_2tmp"/>
    <property name="jdk.debug" value="release"/>
    <property name="surefire.test.class.path" value="E:\24-25学年度下半学年\微服务\ConfigServer_Demo\ConfigClient2\target\test-classes;E:\24-25学年度下半学年\微服务\ConfigServer_Demo\ConfigClient2\target\classes;D:\tomcatandmaven\apache-maven-3.9.9-bin\maven-repository\org\springframework\cloud\spring-cloud-config-client\4.2.0\spring-cloud-config-client-4.2.0.jar;D:\tomcatandmaven\apache-maven-3.9.9-bin\maven-repository\org\springframework\boot\spring-boot-autoconfigure\3.2.3\spring-boot-autoconfigure-3.2.3.jar;D:\tomcatandmaven\apache-maven-3.9.9-bin\maven-repository\org\springframework\cloud\spring-cloud-starter\4.2.0\spring-cloud-starter-4.2.0.jar;D:\tomcatandmaven\apache-maven-3.9.9-bin\maven-repository\org\bouncycastle\bcprov-jdk18on\1.78.1\bcprov-jdk18on-1.78.1.jar;D:\tomcatandmaven\apache-maven-3.9.9-bin\maven-repository\org\springframework\spring-web\6.1.4\spring-web-6.1.4.jar;D:\tomcatandmaven\apache-maven-3.9.9-bin\maven-repository\org\springframework\spring-beans\6.1.4\spring-beans-6.1.4.jar;D:\tomcatandmaven\apache-maven-3.9.9-bin\maven-repository\io\micrometer\micrometer-observation\1.12.3\micrometer-observation-1.12.3.jar;D:\tomcatandmaven\apache-maven-3.9.9-bin\maven-repository\io\micrometer\micrometer-commons\1.12.3\micrometer-commons-1.12.3.jar;D:\tomcatandmaven\apache-maven-3.9.9-bin\maven-repository\com\fasterxml\jackson\core\jackson-annotations\2.15.4\jackson-annotations-2.15.4.jar;D:\tomcatandmaven\apache-maven-3.9.9-bin\maven-repository\com\fasterxml\jackson\core\jackson-databind\2.15.4\jackson-databind-2.15.4.jar;D:\tomcatandmaven\apache-maven-3.9.9-bin\maven-repository\com\fasterxml\jackson\core\jackson-core\2.15.4\jackson-core-2.15.4.jar;D:\tomcatandmaven\apache-maven-3.9.9-bin\maven-repository\org\apache\httpcomponents\client5\httpclient5\5.2.3\httpclient5-5.2.3.jar;D:\tomcatandmaven\apache-maven-3.9.9-bin\maven-repository\org\apache\httpcomponents\core5\httpcore5\5.2.4\httpcore5-5.2.4.jar;D:\tomcatandmaven\apache-maven-3.9.9-bin\maven-repository\org\apache\httpcomponents\core5\httpcore5-h2\5.2.4\httpcore5-h2-5.2.4.jar;D:\tomcatandmaven\apache-maven-3.9.9-bin\maven-repository\org\slf4j\slf4j-api\2.0.12\slf4j-api-2.0.12.jar;D:\tomcatandmaven\apache-maven-3.9.9-bin\maven-repository\org\springframework\boot\spring-boot-starter\3.2.3\spring-boot-starter-3.2.3.jar;D:\tomcatandmaven\apache-maven-3.9.9-bin\maven-repository\org\springframework\boot\spring-boot\3.2.3\spring-boot-3.2.3.jar;D:\tomcatandmaven\apache-maven-3.9.9-bin\maven-repository\org\springframework\spring-context\6.1.4\spring-context-6.1.4.jar;D:\tomcatandmaven\apache-maven-3.9.9-bin\maven-repository\org\springframework\boot\spring-boot-starter-logging\3.2.3\spring-boot-starter-logging-3.2.3.jar;D:\tomcatandmaven\apache-maven-3.9.9-bin\maven-repository\ch\qos\logback\logback-classic\1.4.14\logback-classic-1.4.14.jar;D:\tomcatandmaven\apache-maven-3.9.9-bin\maven-repository\ch\qos\logback\logback-core\1.4.14\logback-core-1.4.14.jar;D:\tomcatandmaven\apache-maven-3.9.9-bin\maven-repository\org\apache\logging\log4j\log4j-to-slf4j\2.21.1\log4j-to-slf4j-2.21.1.jar;D:\tomcatandmaven\apache-maven-3.9.9-bin\maven-repository\org\apache\logging\log4j\log4j-api\2.21.1\log4j-api-2.21.1.jar;D:\tomcatandmaven\apache-maven-3.9.9-bin\maven-repository\org\slf4j\jul-to-slf4j\2.0.12\jul-to-slf4j-2.0.12.jar;D:\tomcatandmaven\apache-maven-3.9.9-bin\maven-repository\jakarta\annotation\jakarta.annotation-api\2.1.1\jakarta.annotation-api-2.1.1.jar;D:\tomcatandmaven\apache-maven-3.9.9-bin\maven-repository\org\springframework\spring-core\6.1.4\spring-core-6.1.4.jar;D:\tomcatandmaven\apache-maven-3.9.9-bin\maven-repository\org\springframework\spring-jcl\6.1.4\spring-jcl-6.1.4.jar;D:\tomcatandmaven\apache-maven-3.9.9-bin\maven-repository\org\yaml\snakeyaml\2.2\snakeyaml-2.2.jar;D:\tomcatandmaven\apache-maven-3.9.9-bin\maven-repository\org\springframework\boot\spring-boot-starter-test\3.2.3\spring-boot-starter-test-3.2.3.jar;D:\tomcatandmaven\apache-maven-3.9.9-bin\maven-repository\org\springframework\boot\spring-boot-test\3.2.3\spring-boot-test-3.2.3.jar;D:\tomcatandmaven\apache-maven-3.9.9-bin\maven-repository\org\springframework\boot\spring-boot-test-autoconfigure\3.2.3\spring-boot-test-autoconfigure-3.2.3.jar;D:\tomcatandmaven\apache-maven-3.9.9-bin\maven-repository\com\jayway\jsonpath\json-path\2.9.0\json-path-2.9.0.jar;D:\tomcatandmaven\apache-maven-3.9.9-bin\maven-repository\jakarta\xml\bind\jakarta.xml.bind-api\4.0.1\jakarta.xml.bind-api-4.0.1.jar;D:\tomcatandmaven\apache-maven-3.9.9-bin\maven-repository\jakarta\activation\jakarta.activation-api\2.1.2\jakarta.activation-api-2.1.2.jar;D:\tomcatandmaven\apache-maven-3.9.9-bin\maven-repository\net\minidev\json-smart\2.5.0\json-smart-2.5.0.jar;D:\tomcatandmaven\apache-maven-3.9.9-bin\maven-repository\net\minidev\accessors-smart\2.5.0\accessors-smart-2.5.0.jar;D:\tomcatandmaven\apache-maven-3.9.9-bin\maven-repository\org\ow2\asm\asm\9.3\asm-9.3.jar;D:\tomcatandmaven\apache-maven-3.9.9-bin\maven-repository\org\assertj\assertj-core\3.24.2\assertj-core-3.24.2.jar;D:\tomcatandmaven\apache-maven-3.9.9-bin\maven-repository\net\bytebuddy\byte-buddy\1.14.12\byte-buddy-1.14.12.jar;D:\tomcatandmaven\apache-maven-3.9.9-bin\maven-repository\org\awaitility\awaitility\4.2.0\awaitility-4.2.0.jar;D:\tomcatandmaven\apache-maven-3.9.9-bin\maven-repository\org\hamcrest\hamcrest\2.2\hamcrest-2.2.jar;D:\tomcatandmaven\apache-maven-3.9.9-bin\maven-repository\org\junit\jupiter\junit-jupiter\5.10.2\junit-jupiter-5.10.2.jar;D:\tomcatandmaven\apache-maven-3.9.9-bin\maven-repository\org\junit\jupiter\junit-jupiter-api\5.10.2\junit-jupiter-api-5.10.2.jar;D:\tomcatandmaven\apache-maven-3.9.9-bin\maven-repository\org\opentest4j\opentest4j\1.3.0\opentest4j-1.3.0.jar;D:\tomcatandmaven\apache-maven-3.9.9-bin\maven-repository\org\junit\platform\junit-platform-commons\1.10.2\junit-platform-commons-1.10.2.jar;D:\tomcatandmaven\apache-maven-3.9.9-bin\maven-repository\org\apiguardian\apiguardian-api\1.1.2\apiguardian-api-1.1.2.jar;D:\tomcatandmaven\apache-maven-3.9.9-bin\maven-repository\org\junit\jupiter\junit-jupiter-params\5.10.2\junit-jupiter-params-5.10.2.jar;D:\tomcatandmaven\apache-maven-3.9.9-bin\maven-repository\org\junit\jupiter\junit-jupiter-engine\5.10.2\junit-jupiter-engine-5.10.2.jar;D:\tomcatandmaven\apache-maven-3.9.9-bin\maven-repository\org\junit\platform\junit-platform-engine\1.10.2\junit-platform-engine-1.10.2.jar;D:\tomcatandmaven\apache-maven-3.9.9-bin\maven-repository\org\mockito\mockito-core\5.7.0\mockito-core-5.7.0.jar;D:\tomcatandmaven\apache-maven-3.9.9-bin\maven-repository\net\bytebuddy\byte-buddy-agent\1.14.12\byte-buddy-agent-1.14.12.jar;D:\tomcatandmaven\apache-maven-3.9.9-bin\maven-repository\org\objenesis\objenesis\3.3\objenesis-3.3.jar;D:\tomcatandmaven\apache-maven-3.9.9-bin\maven-repository\org\mockito\mockito-junit-jupiter\5.7.0\mockito-junit-jupiter-5.7.0.jar;D:\tomcatandmaven\apache-maven-3.9.9-bin\maven-repository\org\skyscreamer\jsonassert\1.5.1\jsonassert-1.5.1.jar;D:\tomcatandmaven\apache-maven-3.9.9-bin\maven-repository\com\vaadin\external\google\android-json\0.0.20131108.vaadin1\android-json-0.0.20131108.vaadin1.jar;D:\tomcatandmaven\apache-maven-3.9.9-bin\maven-repository\org\springframework\spring-test\6.1.4\spring-test-6.1.4.jar;D:\tomcatandmaven\apache-maven-3.9.9-bin\maven-repository\org\xmlunit\xmlunit-core\2.9.1\xmlunit-core-2.9.1.jar;D:\tomcatandmaven\apache-maven-3.9.9-bin\maven-repository\com\alibaba\cloud\spring-cloud-starter-alibaba-nacos-discovery\2023.0.3.2\spring-cloud-starter-alibaba-nacos-discovery-2023.0.3.2.jar;D:\tomcatandmaven\apache-maven-3.9.9-bin\maven-repository\com\alibaba\cloud\spring-cloud-alibaba-commons\2023.0.3.2\spring-cloud-alibaba-commons-2023.0.3.2.jar;D:\tomcatandmaven\apache-maven-3.9.9-bin\maven-repository\com\alibaba\nacos\nacos-client\2.4.2\nacos-client-2.4.2.jar;D:\tomcatandmaven\apache-maven-3.9.9-bin\maven-repository\com\alibaba\nacos\nacos-auth-plugin\2.4.2\nacos-auth-plugin-2.4.2.jar;D:\tomcatandmaven\apache-maven-3.9.9-bin\maven-repository\com\alibaba\nacos\nacos-encryption-plugin\2.4.2\nacos-encryption-plugin-2.4.2.jar;D:\tomcatandmaven\apache-maven-3.9.9-bin\maven-repository\com\alibaba\nacos\nacos-logback-adapter-12\2.4.2\nacos-logback-adapter-12-2.4.2.jar;D:\tomcatandmaven\apache-maven-3.9.9-bin\maven-repository\com\alibaba\nacos\logback-adapter\1.1.3\logback-adapter-1.1.3.jar;D:\tomcatandmaven\apache-maven-3.9.9-bin\maven-repository\com\alibaba\nacos\nacos-log4j2-adapter\2.4.2\nacos-log4j2-adapter-2.4.2.jar;D:\tomcatandmaven\apache-maven-3.9.9-bin\maven-repository\commons-codec\commons-codec\1.16.1\commons-codec-1.16.1.jar;D:\tomcatandmaven\apache-maven-3.9.9-bin\maven-repository\org\apache\httpcomponents\httpasyncclient\4.1.5\httpasyncclient-4.1.5.jar;D:\tomcatandmaven\apache-maven-3.9.9-bin\maven-repository\org\apache\httpcomponents\httpcore-nio\4.4.16\httpcore-nio-4.4.16.jar;D:\tomcatandmaven\apache-maven-3.9.9-bin\maven-repository\org\apache\httpcomponents\httpclient\4.5.13\httpclient-4.5.13.jar;D:\tomcatandmaven\apache-maven-3.9.9-bin\maven-repository\org\apache\httpcomponents\httpcore\4.4.16\httpcore-4.4.16.jar;D:\tomcatandmaven\apache-maven-3.9.9-bin\maven-repository\io\prometheus\simpleclient\0.16.0\simpleclient-0.16.0.jar;D:\tomcatandmaven\apache-maven-3.9.9-bin\maven-repository\io\prometheus\simpleclient_tracer_otel\0.16.0\simpleclient_tracer_otel-0.16.0.jar;D:\tomcatandmaven\apache-maven-3.9.9-bin\maven-repository\io\prometheus\simpleclient_tracer_common\0.16.0\simpleclient_tracer_common-0.16.0.jar;D:\tomcatandmaven\apache-maven-3.9.9-bin\maven-repository\io\prometheus\simpleclient_tracer_otel_agent\0.16.0\simpleclient_tracer_otel_agent-0.16.0.jar;D:\tomcatandmaven\apache-maven-3.9.9-bin\maven-repository\io\micrometer\micrometer-core\1.12.3\micrometer-core-1.12.3.jar;D:\tomcatandmaven\apache-maven-3.9.9-bin\maven-repository\org\hdrhistogram\HdrHistogram\2.1.12\HdrHistogram-2.1.12.jar;D:\tomcatandmaven\apache-maven-3.9.9-bin\maven-repository\org\latencyutils\LatencyUtils\2.0.3\LatencyUtils-2.0.3.jar;D:\tomcatandmaven\apache-maven-3.9.9-bin\maven-repository\org\springframework\cloud\spring-cloud-commons\4.1.4\spring-cloud-commons-4.1.4.jar;D:\tomcatandmaven\apache-maven-3.9.9-bin\maven-repository\org\springframework\security\spring-security-crypto\6.2.2\spring-security-crypto-6.2.2.jar;D:\tomcatandmaven\apache-maven-3.9.9-bin\maven-repository\org\springframework\cloud\spring-cloud-context\4.1.4\spring-cloud-context-4.1.4.jar;D:\tomcatandmaven\apache-maven-3.9.9-bin\maven-repository\org\springframework\boot\spring-boot-starter-web\3.2.3\spring-boot-starter-web-3.2.3.jar;D:\tomcatandmaven\apache-maven-3.9.9-bin\maven-repository\org\springframework\boot\spring-boot-starter-json\3.2.3\spring-boot-starter-json-3.2.3.jar;D:\tomcatandmaven\apache-maven-3.9.9-bin\maven-repository\com\fasterxml\jackson\datatype\jackson-datatype-jdk8\2.15.4\jackson-datatype-jdk8-2.15.4.jar;D:\tomcatandmaven\apache-maven-3.9.9-bin\maven-repository\com\fasterxml\jackson\datatype\jackson-datatype-jsr310\2.15.4\jackson-datatype-jsr310-2.15.4.jar;D:\tomcatandmaven\apache-maven-3.9.9-bin\maven-repository\com\fasterxml\jackson\module\jackson-module-parameter-names\2.15.4\jackson-module-parameter-names-2.15.4.jar;D:\tomcatandmaven\apache-maven-3.9.9-bin\maven-repository\org\springframework\boot\spring-boot-starter-tomcat\3.2.3\spring-boot-starter-tomcat-3.2.3.jar;D:\tomcatandmaven\apache-maven-3.9.9-bin\maven-repository\org\apache\tomcat\embed\tomcat-embed-core\10.1.19\tomcat-embed-core-10.1.19.jar;D:\tomcatandmaven\apache-maven-3.9.9-bin\maven-repository\org\apache\tomcat\embed\tomcat-embed-el\10.1.19\tomcat-embed-el-10.1.19.jar;D:\tomcatandmaven\apache-maven-3.9.9-bin\maven-repository\org\apache\tomcat\embed\tomcat-embed-websocket\10.1.19\tomcat-embed-websocket-10.1.19.jar;D:\tomcatandmaven\apache-maven-3.9.9-bin\maven-repository\org\springframework\spring-webmvc\6.1.4\spring-webmvc-6.1.4.jar;D:\tomcatandmaven\apache-maven-3.9.9-bin\maven-repository\org\springframework\spring-aop\6.1.4\spring-aop-6.1.4.jar;D:\tomcatandmaven\apache-maven-3.9.9-bin\maven-repository\org\springframework\spring-expression\6.1.4\spring-expression-6.1.4.jar;D:\tomcatandmaven\apache-maven-3.9.9-bin\maven-repository\org\springframework\cloud\spring-cloud-starter-bootstrap\4.2.0\spring-cloud-starter-bootstrap-4.2.0.jar;"/>
    <property name="sun.cpu.endian" value="little"/>
    <property name="user.home" value="C:\Users\Yu&apos;S&apos;hui&apos;shen"/>
    <property name="user.language" value="zh"/>
    <property name="java.specification.vendor" value="Oracle Corporation"/>
    <property name="java.version.date" value="2023-01-17"/>
    <property name="java.home" value="D:\Java"/>
    <property name="file.separator" value="\"/>
    <property name="basedir" value="E:\24-25学年度下半学年\微服务\ConfigServer_Demo\ConfigClient2"/>
    <property name="java.vm.compressedOopsMode" value="Zero based"/>
    <property name="line.separator" value="&#10;"/>
    <property name="java.vm.specification.vendor" value="Oracle Corporation"/>
    <property name="java.specification.name" value="Java Platform API Specification"/>
    <property name="FILE_LOG_CHARSET" value="GBK"/>
    <property name="java.awt.headless" value="true"/>
    <property name="surefire.real.class.path" value="D:\Tempfile\AppData\Local\Temp\surefire11231150512034566213\surefirebooter-20250320121006540_3.jar"/>
    <property name="user.script" value=""/>
    <property name="sun.management.compiler" value="HotSpot 64-Bit Tiered Compilers"/>
    <property name="java.runtime.version" value="17.0.6+9-LTS-190"/>
    <property name="user.name" value="Yu&apos;S&apos;hui&apos;shen"/>
    <property name="path.separator" value=";"/>
    <property name="os.version" value="10.0"/>
    <property name="java.runtime.name" value="Java(TM) SE Runtime Environment"/>
    <property name="file.encoding" value="GBK"/>
    <property name="java.vm.name" value="Java HotSpot(TM) 64-Bit Server VM"/>
    <property name="localRepository" value="D:\tomcatandmaven\apache-maven-3.9.9-bin\maven-repository"/>
    <property name="java.vendor.url.bug" value="https://bugreport.java.com/bugreport/"/>
    <property name="java.io.tmpdir" value="D:\Tempfile\AppData\Local\Temp\"/>
    <property name="idea.version" value="2024.1.4"/>
    <property name="java.version" value="17.0.6"/>
    <property name="user.dir" value="E:\24-25学年度下半学年\微服务\ConfigServer_Demo\ConfigClient2"/>
    <property name="os.arch" value="amd64"/>
    <property name="java.vm.specification.name" value="Java Virtual Machine Specification"/>
    <property name="PID" value="7752"/>
    <property name="sun.os.patch.level" value=""/>
    <property name="CONSOLE_LOG_CHARSET" value="GBK"/>
    <property name="native.encoding" value="GBK"/>
    <property name="java.library.path" value="D:\Java\bin;C:\Windows\Sun\Java\bin;C:\Windows\system32;C:\Windows;c:\Users\Yu&apos;S&apos;hui&apos;shen\AppData\Local\Programs\cursor\resources\app\bin;D:\pythonRlease\Scripts\;D:\pythonRlease\;D:\VM\bin\;C:\Program Files\Common Files\Oracle\Java\javapath;C:\Windows\system32;C:\Windows;C:\Windows\System32\Wbem;C:\Windows\System32\WindowsPowerShell\v1.0\;C:\Windows\System32\OpenSSH\;C:\Program Files\Microsoft SQL Server\Client SDK\ODBC\110\Tools\Binn\;C:\Program Files (x86)\Microsoft SQL Server\120\Tools\Binn\;C:\Program Files\Microsoft SQL Server\120\Tools\Binn\;C:\Program Files\Microsoft SQL Server\120\DTS\Binn\;C:\Program Files (x86)\Windows Kits\8.1\Windows Performance Toolkit\;D:\Java\bin;C:\Program Files\NVIDIA Corporation\Nsight Compute 2023.1.0\;C:\Program Files\NVIDIA GPU Computing Toolkit\CUDA\v12.1\bin;C:\Program Files\NVIDIA GPU Computing Toolkit\CUDA\v12.1\include;C:\Program Files\NVI;c:\Users\Yu&apos;S&apos;hui&apos;shen\AppData\Local\Programs\cursor\resources\app\bin;D:\SoftPackage\Redis-x64-5.0.14.1;D:\SoftPackage\OpenSSL-Win64\bin;D:\Mysql\bin;C:\Program Files\NVIDIA Corporation\NVIDIA app\NvDLISR;D:\SoftPackage\Git\cmd;d:\SoftPackage\Trae CN\bin;D:\pycharm\Scripts\;D:\pycharm\;C:\Users\Yu&apos;S&apos;hui&apos;shen\AppData\Local\Microsoft\WindowsApps;D:\vscode\Microsoft VS Code\bin;C:\Program Files\NVIDIA GPU Computing Toolkit\CUDA\v11.7\bin;D:\余水深\pycharm\PyCharm 2023.1.1\bin;;D:\余水深\pycharm\PyCharm Community Edition 2023.1.1\bin;;C:\Users\Yu&apos;S&apos;hui&apos;shen\AppData\Local\Programs\Ollama;D:\Dev c++\Dev-Cpp\MinGW64\bin;D:\datagrip\DataGrip 2024.2.2\bin;;D:\mysql_workbench\MySQLWorkbench.exe;D:\node.js\node_global;D:\terminal\WindowsTerminal.exe;D:\IntelliJ IDEA 2024.1.4\bin;;D:\tomcatandmaven\apache-tomcat-10.1.28-windows-x64\apache-tomcat-10.1.28\bin;D:\tomcatandmaven\apache-maven-3.9.9-bin\apache-maven-3.9.9\bin;E:\NVM\nvm;E:\NVM\nodejs;D:\SoftPackage\Redis-x64-5.0.14.1;D:\SoftPackage\OpenSSL-Win64\bin;D:\Mysql\bin;."/>
    <property name="java.vm.info" value="mixed mode, sharing"/>
    <property name="java.vendor" value="Oracle Corporation"/>
    <property name="java.vm.version" value="17.0.6+9-LTS-190"/>
    <property name="sun.io.unicode.encoding" value="UnicodeLittle"/>
    <property name="maven.repo.local" value="D:\tomcatandmaven\apache-maven-3.9.9-bin\maven-repository"/>
    <property name="java.class.version" value="61.0"/>
    <property name="LOGGED_APPLICATION_NAME" value="[ConfigClient2] "/>
  </properties>
  <testcase name="contextLoads" classname="java_web.configclient2.ConfigClient2ApplicationTests" time="1.398">
    <system-out><![CDATA[12:10:07.575 [main] INFO org.springframework.test.context.support.AnnotationConfigContextLoaderUtils -- Could not detect default configuration classes for test class [java_web.configclient2.ConfigClient2ApplicationTests]: ConfigClient2ApplicationTests does not declare any static, non-private, non-final, nested classes annotated with @Configuration.
12:10:07.689 [main] INFO org.springframework.boot.test.context.SpringBootTestContextBootstrapper -- Found @SpringBootConfiguration java_web.configclient2.ConfigClient2Application for test class java_web.configclient2.ConfigClient2ApplicationTests
2025-03-20T12:10:09.736+08:00  INFO 7752 --- [ConfigClient2] [           main] c.a.nacos.client.logging.NacosLogging    : Nacos Logging Adapter Builder: com.alibaba.nacos.logger.adapter.logback12.LogbackNacosLoggingAdapterBuilder
2025-03-20T12:10:09.763+08:00  INFO 7752 --- [ConfigClient2] [           main] c.a.nacos.client.logging.NacosLogging    : Nacos Logging Adapter Builder: com.alibaba.nacos.logger.adapter.logback14.LogbackNacosLoggingAdapterBuilder
2025-03-20T12:10:09.764+08:00  INFO 7752 --- [ConfigClient2] [           main] c.a.nacos.client.logging.NacosLogging    : Nacos Logging Adapter: com.alibaba.nacos.logger.adapter.logback14.LogbackNacosLoggingAdapter match ch.qos.logback.classic.Logger success.
2025-03-20T12:10:09.771+08:00  INFO 7752 --- [ConfigClient2] [           main] c.a.nacos.client.logging.NacosLogging    : Nacos Logging Adapter Builder: com.alibaba.nacos.logger.adapter.log4j2.Log4j2NacosLoggingAdapterBuilder
2025-03-20T12:10:09.980+08:00  INFO 7752 --- [ConfigClient2] [           main] o.s.c.c.c.ConfigServerConfigDataLoader   : Fetching config from server at : http://192.168.127.142:8888
2025-03-20T12:10:09.980+08:00  INFO 7752 --- [ConfigClient2] [           main] o.s.c.c.c.ConfigServerConfigDataLoader   : Located environment: name=app-pro, profiles=[test], label=main, version=5f14f0fdf29d3ed8e7f4cfe7d64fc6a1f3c62071, state=

  .   ____          _            __ _ _
 /\\ / ___'_ __ _ _(_)_ __  __ _ \ \ \ \
( ( )\___ | '_ | '_| | '_ \/ _` | \ \ \ \
 \\/  ___)| |_)| | | | | || (_| |  ) ) ) )
  '  |____| .__|_| |_|_| |_\__, | / / / /
 =========|_|==============|___/=/_/_/_/
 :: Spring Boot ::                (v3.2.3)

2025-03-20T12:10:11.268+08:00  INFO 7752 --- [ConfigClient2] [           main] c.c.c.ConfigServicePropertySourceLocator : Fetching config from server at : http://192.168.127.142:8888
2025-03-20T12:10:11.847+08:00  INFO 7752 --- [ConfigClient2] [           main] c.c.c.ConfigServicePropertySourceLocator : Located environment: name=app-pro, profiles=[test], label=main, version=5f14f0fdf29d3ed8e7f4cfe7d64fc6a1f3c62071, state=
2025-03-20T12:10:11.849+08:00  INFO 7752 --- [ConfigClient2] [           main] b.c.PropertySourceBootstrapConfiguration : Located property source: [BootstrapPropertySource {name='bootstrapProperties-configClient'}, BootstrapPropertySource {name='bootstrapProperties-http://192.168.127.142:9009/bestgroup/testdev.git/props/app-pro.yml'}]
2025-03-20T12:10:11.884+08:00  INFO 7752 --- [ConfigClient2] [           main] j.c.ConfigClient2ApplicationTests        : The following 1 profile is active: "test"
2025-03-20T12:10:11.888+08:00  INFO 7752 --- [ConfigClient2] [           main] o.s.c.c.c.ConfigServerConfigDataLoader   : Fetching config from server at : http://192.168.127.142:8888
2025-03-20T12:10:11.889+08:00  INFO 7752 --- [ConfigClient2] [           main] o.s.c.c.c.ConfigServerConfigDataLoader   : Located environment: name=app-pro, profiles=[test], label=main, version=5f14f0fdf29d3ed8e7f4cfe7d64fc6a1f3c62071, state=
2025-03-20T12:10:12.582+08:00  INFO 7752 --- [ConfigClient2] [           main] o.s.cloud.context.scope.GenericScope     : BeanFactory id=54bd354d-f419-3571-b9b0-e4b612b6a4b6
2025-03-20T12:10:14.636+08:00  INFO 7752 --- [ConfigClient2] [           main] j.c.ConfigClient2ApplicationTests        : Started ConfigClient2ApplicationTests in 6.752 seconds (process running for 7.827)
]]></system-out>
  </testcase>
</testsuite>